[debug] [2023-01-04T16:19:42.590Z] ----------------------------------------------------------------------
[debug] [2023-01-04T16:19:42.593Z] Command:       C:\Program Files\nodejs\node.exe C:\Users\Hammadullah\AppData\Roaming\npm\node_modules\firebase-tools\lib\bin\firebase.js init
[debug] [2023-01-04T16:19:42.594Z] CLI Version:   11.19.0
[debug] [2023-01-04T16:19:42.595Z] Platform:      win32
[debug] [2023-01-04T16:19:42.595Z] Node Version:  v18.12.1
[debug] [2023-01-04T16:19:42.596Z] Time:          Wed Jan 04 2023 21:19:42 GMT+0500 (Pakistan Standard Time)
[debug] [2023-01-04T16:19:42.596Z] ----------------------------------------------------------------------
[debug] 
[debug] [2023-01-04T16:19:42.609Z] > command requires scopes: ["email","openid","https://www.googleapis.com/auth/cloudplatformprojects.readonly","https://www.googleapis.com/auth/firebase","https://www.googleapis.com/auth/cloud-platform"]
[debug] [2023-01-04T16:19:42.610Z] > authorizing via signed-in user (hammadullahogahi@gmail.com)
[info] 
     ######## #### ########  ######## ########     ###     ######  ########
     ##        ##  ##     ## ##       ##     ##  ##   ##  ##       ##
     ######    ##  ########  ######   ########  #########  ######  ######
     ##        ##  ##    ##  ##       ##     ## ##     ##       ## ##
     ##       #### ##     ## ######## ########  ##     ##  ######  ########

You're about to initialize a Firebase project in this directory:

  C:\Users\Hammadullah\Documents\Reac Project\chat-app

[info] 
=== Project Setup
[info] 
[info] First, let's associate this project directory with a Firebase project.
[info] You can create multiple project aliases by running firebase use --add, 
[info] but for now we'll just set up a default project.
[info] 
[debug] [2023-01-04T16:20:08.616Z] >>> [apiv2][query] GET https://firebase.googleapis.com/v1beta1/projects pageSize=100
[debug] [2023-01-04T16:20:09.560Z] <<< [apiv2][status] GET https://firebase.googleapis.com/v1beta1/projects 200
[debug] [2023-01-04T16:20:09.561Z] <<< [apiv2][body] GET https://firebase.googleapis.com/v1beta1/projects [omitted]
[info] i  Using project chat-app-d0846 (chat-app) 
[info] 
=== Hosting Setup
[info] 
[info] Your public directory is the folder (relative to your project directory) that
[info] will contain Hosting assets to be uploaded with firebase deploy. If you
[info] have a build process for your assets, use your build's output directory.
[info] 
[debug] [2023-01-04T16:21:42.329Z] >>> [apiv2][query] GET https://www.gstatic.com/firebasejs/releases.json [none]
[debug] [2023-01-04T16:21:42.621Z] <<< [apiv2][status] GET https://www.gstatic.com/firebasejs/releases.json 200
[debug] [2023-01-04T16:21:42.622Z] <<< [apiv2][body] GET https://www.gstatic.com/firebasejs/releases.json {"current":{"version":"9.15.0","browserURL":"https://www.gstatic.com/firebasejs/9.15.0/firebase.js","packageURL":"https://www.gstatic.com/firebasejs/9.15.0/firebase.tgz"},"live":{"version":"9.15","browserURL":"https://www.gstatic.com/firebasejs/live/9.15/firebase.js","packageURL":"https://www.gstatic.com/firebasejs/live/9.15/firebase.tgz"},"components":{"analytics":"https://www.gstatic.com/firebasejs/9.15.0/firebase-analytics.js","app":"https://www.gstatic.com/firebasejs/9.15.0/firebase-app.js","app-check":"https://www.gstatic.com/firebasejs/9.15.0/firebase-app-check.js","auth":"https://www.gstatic.com/firebasejs/9.15.0/firebase-auth.js","auth/cordova":"https://www.gstatic.com/firebasejs/9.15.0/firebase-auth/cordova.js","auth/react-native":"https://www.gstatic.com/firebasejs/9.15.0/firebase-auth/react-native.js","functions":"https://www.gstatic.com/firebasejs/9.15.0/firebase-functions.js","firestore":"https://www.gstatic.com/firebasejs/9.15.0/firebase-firestore.js","firestore/lite":"https://www.gstatic.com/firebasejs/9.15.0/firebase-firestore/lite.js","installations":"https://www.gstatic.com/firebasejs/9.15.0/firebase-installations.js","storage":"https://www.gstatic.com/firebasejs/9.15.0/firebase-storage.js","performance":"https://www.gstatic.com/firebasejs/9.15.0/firebase-performance.js","remote-config":"https://www.gstatic.com/firebasejs/9.15.0/firebase-remote-config.js","messaging":"https://www.gstatic.com/firebasejs/9.15.0/firebase-messaging.js","messaging/sw":"https://www.gstatic.com/firebasejs/9.15.0/firebase-messaging/sw.js","database":"https://www.gstatic.com/firebasejs/9.15.0/firebase-database.js","firestore.memory":"https://www.gstatic.com/firebasejs/9.15.0/firebase-firestore.memory.js"}}
[info] +  Wrote build/index.html 
[info] 
[info] i  Didn't detect a .git folder. Assuming C:\Users\Hammadullah\Documents\Reac Project\chat-app is the project root. 
[info] i  Authorizing with GitHub to upload your service account to a GitHub repository's secrets store. 
[info] 
[info] Visit this URL on this device to log in:
[info] https://github.com/login/oauth/authorize?client_id=89cf50f02ac6aaed3484&state=952641696&redirect_uri=http%3A%2F%2Flocalhost%3A9005&scope=read%3Auser%20repo%20public_repo
[info] 
[info] Waiting for authentication...
[debug] [2023-01-04T16:21:51.196Z] >>> [apiv2][query] POST https://github.com/login/oauth/access_token [none]
[debug] [2023-01-04T16:21:51.196Z] >>> [apiv2][body] POST https://github.com/login/oauth/access_token [stream]
[debug] [2023-01-04T16:21:51.788Z] <<< [apiv2][status] POST https://github.com/login/oauth/access_token 200
[debug] [2023-01-04T16:21:51.788Z] <<< [apiv2][body] POST https://github.com/login/oauth/access_token {"access_token":"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","token_type":"bearer","scope":"read:user,repo"}
[debug] [2023-01-04T16:21:51.812Z] >>> [apiv2][query] GET https://api.github.com/user [none]
[debug] [2023-01-04T16:21:52.468Z] <<< [apiv2][status] GET https://api.github.com/user 200
[debug] [2023-01-04T16:21:52.469Z] <<< [apiv2][body] GET https://api.github.com/user {"login":"Hammadogahi","id":57257465,"node_id":"MDQ6VXNlcjU3MjU3NDY1","avatar_url":"https://avatars.githubusercontent.com/u/57257465?v=4","gravatar_id":"","url":"https://api.github.com/users/Hammadogahi","html_url":"https://github.com/Hammadogahi","followers_url":"https://api.github.com/users/Hammadogahi/followers","following_url":"https://api.github.com/users/Hammadogahi/following{/other_user}","gists_url":"https://api.github.com/users/Hammadogahi/gists{/gist_id}","starred_url":"https://api.github.com/users/Hammadogahi/starred{/owner}{/repo}","subscriptions_url":"https://api.github.com/users/Hammadogahi/subscriptions","organizations_url":"https://api.github.com/users/Hammadogahi/orgs","repos_url":"https://api.github.com/users/Hammadogahi/repos","events_url":"https://api.github.com/users/Hammadogahi/events{/privacy}","received_events_url":"https://api.github.com/users/Hammadogahi/received_events","type":"User","site_admin":false,"name":null,"company":null,"blog":"","location":null,"email":null,"hireable":null,"bio":null,"twitter_username":null,"public_repos":9,"public_gists":0,"followers":2,"following":2,"created_at":"2019-11-01T11:58:26Z","updated_at":"2023-01-04T16:21:46Z","private_gists":0,"total_private_repos":5,"owned_private_repos":5,"disk_usage":53445,"collaborators":0,"two_factor_authentication":false,"plan":{"name":"free","space":976562499,"collaborators":0,"private_repos":10000}}
[info] 
[info] +  Success! Logged into GitHub as Hammadogahi 
[info] 
[debug] [2023-01-04T16:34:27.853Z] >>> [apiv2][query] GET https://api.github.com/repos//actions/secrets/public-key type=owner
[debug] [2023-01-04T16:34:28.643Z] <<< [apiv2][status] GET https://api.github.com/repos//actions/secrets/public-key 404
[debug] [2023-01-04T16:34:28.643Z] <<< [apiv2][body] GET https://api.github.com/repos//actions/secrets/public-key {"message":"Not Found","documentation_url":"https://docs.github.com/rest"}
[debug] [2023-01-04T16:34:37.721Z] >>> [apiv2][query] GET https://api.github.com/repos/chat-app/actions/secrets/public-key type=owner
[debug] [2023-01-04T16:34:39.227Z] <<< [apiv2][status] GET https://api.github.com/repos/chat-app/actions/secrets/public-key 404
[debug] [2023-01-04T16:34:39.227Z] <<< [apiv2][body] GET https://api.github.com/repos/chat-app/actions/secrets/public-key {"message":"Not Found","documentation_url":"https://docs.github.com/rest"}
[debug] [2023-01-04T16:34:56.787Z] >>> [apiv2][query] GET https://api.github.com/repos/chat-app/actions/secrets/public-key type=owner
[debug] [2023-01-04T16:34:57.261Z] <<< [apiv2][status] GET https://api.github.com/repos/chat-app/actions/secrets/public-key 404
[debug] [2023-01-04T16:34:57.261Z] <<< [apiv2][body] GET https://api.github.com/repos/chat-app/actions/secrets/public-key {"message":"Not Found","documentation_url":"https://docs.github.com/rest"}
[debug] [2023-01-04T16:35:14.657Z] >>> [apiv2][query] GET https://api.github.com/repos/hammadogahi/chat-app/actions/secrets/public-key type=owner
[debug] [2023-01-04T16:35:15.169Z] <<< [apiv2][status] GET https://api.github.com/repos/hammadogahi/chat-app/actions/secrets/public-key 404
[debug] [2023-01-04T16:35:15.169Z] <<< [apiv2][body] GET https://api.github.com/repos/hammadogahi/chat-app/actions/secrets/public-key {"message":"Not Found","documentation_url":"https://docs.github.com/rest/reference/actions#get-a-repository-public-key"}
